<?xml version="1.0" encoding="UTF-8"?>
<testsuite failures="0" skip="0" tests="1" name="Suites" errors="0">
<testcase classname="Suites.CBSBO 1003" name="Subcriptor Invalido" time="68">
</testcase>
</testsuite>
